c:\users\user\desktop\studia ii rok\studia i semestr\jipp 2\projekt_koncowy\consoleapplication1\consoleapplication1\x64\debug\vc143.pdb
c:\users\user\desktop\studia ii rok\studia i semestr\jipp 2\projekt_koncowy\consoleapplication1\consoleapplication1\x64\debug\vc143.idb
c:\users\user\desktop\studia ii rok\studia i semestr\jipp 2\projekt_koncowy\consoleapplication1\consoleapplication1\x64\debug\workclasses.obj
c:\users\user\desktop\studia ii rok\studia i semestr\jipp 2\projekt_koncowy\consoleapplication1\consoleapplication1\x64\debug\people.obj
c:\users\user\desktop\studia ii rok\studia i semestr\jipp 2\projekt_koncowy\consoleapplication1\consoleapplication1\x64\debug\main.obj
c:\users\user\desktop\studia ii rok\studia i semestr\jipp 2\projekt_koncowy\consoleapplication1\consoleapplication1\x64\debug\menu.obj
c:\users\user\desktop\studia ii rok\studia i semestr\jipp 2\projekt_koncowy\consoleapplication1\consoleapplication1\x64\debug\manage_functions.obj
c:\users\user\desktop\studia ii rok\studia i semestr\jipp 2\projekt_koncowy\consoleapplication1\consoleapplication1\x64\debug\myexception.obj
c:\users\user\desktop\studia ii rok\studia i semestr\jipp 2\projekt_koncowy\consoleapplication1\x64\debug\consoleapplication1.exe
c:\users\user\desktop\studia ii rok\studia i semestr\jipp 2\projekt_koncowy\consoleapplication1\consoleapplication1\x64\debug\consoleapplication1.ilk
c:\users\user\desktop\studia ii rok\studia i semestr\jipp 2\projekt_koncowy\consoleapplication1\x64\debug\consoleapplication1.pdb
c:\users\user\desktop\studia ii rok\studia i semestr\jipp 2\projekt_koncowy\consoleapplication1\consoleapplication1\x64\debug\consoleapplication1.res
c:\users\user\desktop\studia ii rok\studia iii semestr\jipp 2\projekt_koncowy\consoleapplication1\consoleapplication1\x64\debug\main.obj
c:\users\user\desktop\studia ii rok\studia iii semestr\jipp 2\projekt_koncowy\consoleapplication1\consoleapplication1\x64\debug\manage_functions.obj
c:\users\user\desktop\studia ii rok\studia iii semestr\jipp 2\projekt_koncowy\consoleapplication1\consoleapplication1\x64\debug\menu.obj
c:\users\user\desktop\studia ii rok\studia iii semestr\jipp 2\projekt_koncowy\consoleapplication1\consoleapplication1\x64\debug\myexception.obj
c:\users\user\desktop\studia ii rok\studia iii semestr\jipp 2\projekt_koncowy\consoleapplication1\consoleapplication1\x64\debug\people.obj
c:\users\user\desktop\studia ii rok\studia iii semestr\jipp 2\projekt_koncowy\consoleapplication1\consoleapplication1\x64\debug\workclasses.obj
c:\users\user\desktop\studia ii rok\studia iii semestr\jipp 2\projekt_koncowy\consoleapplication1\consoleapplication1\x64\debug\consoleapplication1.ilk
c:\users\user\desktop\studia ii rok\studia iii semestr\jipp 2\projekt_koncowy\consoleapplication1\consoleapplication1\x64\debug\consoleapplication1.res
c:\users\user\desktop\studia ii rok\studia iii semestr\jipp 2\projekt_koncowy\consoleapplication1\consoleapplication1\x64\debug\vc143.idb
c:\users\user\desktop\studia ii rok\studia iii semestr\jipp 2\projekt_koncowy\consoleapplication1\consoleapplication1\x64\debug\vc143.pdb
c:\users\user\desktop\studia ii rok\studia iii semestr\jipp 2\projekt_koncowy\consoleapplication1\x64\debug\consoleapplication1.pdb
c:\users\user\desktop\studia ii rok\studia iii semestr\jipp 2\projekt_koncowy\consoleapplication1\x64\debug\consoleapplication1.exe
c:\users\user\desktop\studia ii rok\studia iii semestr\jipp 2\projekt_koncowy\consoleapplication1\consoleapplication1\x64\debug\consolea.8e5df200.tlog\cl.command.1.tlog
c:\users\user\desktop\studia ii rok\studia iii semestr\jipp 2\projekt_koncowy\consoleapplication1\consoleapplication1\x64\debug\consolea.8e5df200.tlog\cl.items.tlog
c:\users\user\desktop\studia ii rok\studia iii semestr\jipp 2\projekt_koncowy\consoleapplication1\consoleapplication1\x64\debug\consolea.8e5df200.tlog\cl.read.1.tlog
c:\users\user\desktop\studia ii rok\studia iii semestr\jipp 2\projekt_koncowy\consoleapplication1\consoleapplication1\x64\debug\consolea.8e5df200.tlog\cl.write.1.tlog
c:\users\user\desktop\studia ii rok\studia iii semestr\jipp 2\projekt_koncowy\consoleapplication1\consoleapplication1\x64\debug\consolea.8e5df200.tlog\link.command.1.tlog
c:\users\user\desktop\studia ii rok\studia iii semestr\jipp 2\projekt_koncowy\consoleapplication1\consoleapplication1\x64\debug\consolea.8e5df200.tlog\link.read.1.tlog
c:\users\user\desktop\studia ii rok\studia iii semestr\jipp 2\projekt_koncowy\consoleapplication1\consoleapplication1\x64\debug\consolea.8e5df200.tlog\link.write.1.tlog
c:\users\user\desktop\studia ii rok\studia iii semestr\jipp 2\projekt_koncowy\consoleapplication1\consoleapplication1\x64\debug\consolea.8e5df200.tlog\rc.command.1.tlog
c:\users\user\desktop\studia ii rok\studia iii semestr\jipp 2\projekt_koncowy\consoleapplication1\consoleapplication1\x64\debug\consolea.8e5df200.tlog\rc.read.1.tlog
c:\users\user\desktop\studia ii rok\studia iii semestr\jipp 2\projekt_koncowy\consoleapplication1\consoleapplication1\x64\debug\consolea.8e5df200.tlog\rc.write.1.tlog
